  Canvas2D.cpp
c:\users\qq244\source\repos\source\paint\d2d\canvas2d.h(92): warning C4305: “初始化”: 从“double”到“float”截断
c:\users\qq244\source\repos\source\paint\d2d\canvas2d.cpp(15): warning C4244: “参数”: 从“int”转换到“float”，可能丢失数据
c:\users\qq244\source\repos\source\paint\d2d\canvas2d.cpp(117): warning C4244: “参数”: 从“int”转换到“FLOAT”，可能丢失数据
c:\users\qq244\source\repos\source\paint\d2d\canvas2d.cpp(125): warning C4244: “=”: 从“double”转换到“float”，可能丢失数据
c:\users\qq244\source\repos\source\paint\d2d\canvas2d.cpp(128): warning C4244: “参数”: 从“int”转换到“FLOAT”，可能丢失数据
c:\users\qq244\source\repos\source\paint\d2d\canvas2d.cpp(128): warning C4244: “参数”: 从“unsigned long”转换到“FLOAT”，可能丢失数据
c:\users\qq244\source\repos\source\paint\d2d\canvas2d.cpp(128): warning C4244: “参数”: 从“LONG”转换到“FLOAT”，可能丢失数据
c:\users\qq244\source\repos\source\paint\d2d\canvas2d.cpp(134): warning C4244: “参数”: 从“int”转换到“FLOAT”，可能丢失数据
c:\users\qq244\source\repos\source\paint\d2d\canvas2d.cpp(167): warning C4244: “参数”: 从“int”转换到“FLOAT”，可能丢失数据
c:\users\qq244\source\repos\source\paint\d2d\canvas2d.cpp(168): warning C4244: “参数”: 从“int”转换到“FLOAT”，可能丢失数据
c:\users\qq244\source\repos\source\paint\d2d\canvas2d.cpp(225): warning C4305: “+=”: 从“double”到“float”截断
c:\users\qq244\source\repos\source\paint\d2d\canvas2d.cpp(237): warning C4018: “<”: 有符号/无符号不匹配
c:\users\qq244\source\repos\source\paint\d2d\canvas2d.cpp(249): warning C4305: “+=”: 从“double”到“float”截断
c:\users\qq244\source\repos\source\paint\d2d\canvas2d.cpp(254): warning C4018: “<”: 有符号/无符号不匹配
c:\users\qq244\source\repos\source\paint\d2d\canvas2d.cpp(272): warning C4018: “>=”: 有符号/无符号不匹配
c:\users\qq244\source\repos\source\paint\d2d\canvas2d.cpp(274): warning C4305: “+=”: 从“double”到“float”截断
c:\users\qq244\source\repos\source\paint\d2d\canvas2d.cpp(283): warning C4018: “<”: 有符号/无符号不匹配
c:\users\qq244\source\repos\source\paint\d2d\canvas2d.cpp(374): warning C4244: “初始化”: 从“clock_t”转换到“float”，可能丢失数据
c:\users\qq244\source\repos\source\paint\d2d\canvas2d.cpp(375): warning C4244: “初始化”: 从“clock_t”转换到“float”，可能丢失数据
c:\users\qq244\source\repos\source\paint\d2d\canvas2d.cpp(380): warning C4244: “=”: 从“clock_t”转换到“float”，可能丢失数据
c:\users\qq244\source\repos\source\paint\d2d\canvas2d.cpp(481): warning C4018: “<”: 有符号/无符号不匹配
  正在生成代码...
  正在跳过...(未检测到相关更改)
  main.cpp
  d2d.vcxproj -> C:\Users\qq244\source\repos\source\Paint\Debug\d2d.exe
