c:\users\qq244\source\repos\source\paint\d2d\debug\vc141.pdb
c:\users\qq244\source\repos\source\paint\d2d\debug\vc141.idb
c:\users\qq244\source\repos\source\paint\d2d\debug\canvas2d.obj
c:\users\qq244\source\repos\source\paint\d2d\debug\main.obj
c:\users\qq244\source\repos\source\paint\d2d\debug\polygon.obj
c:\users\qq244\source\repos\source\paint\d2d\debug\program.obj
c:\users\qq244\source\repos\source\paint\d2d\debug\demoapp.obj
c:\users\qq244\source\repos\source\paint\debug\d2d.exe
c:\users\qq244\source\repos\source\paint\debug\d2d.ilk
c:\users\qq244\source\repos\source\paint\debug\d2d.pdb
c:\users\qq244\source\repos\source\paint\d2d\debug\nativecodeanalysis.read.1.tlog
c:\users\qq244\source\repos\source\paint\d2d\debug\canvas2d.nativecodeanalysis.xml
c:\users\qq244\source\repos\source\paint\d2d\debug\main.nativecodeanalysis.xml
c:\users\qq244\source\repos\source\paint\d2d\debug\polygon.nativecodeanalysis.xml
c:\users\qq244\source\repos\source\paint\d2d\debug\vc.nativecodeanalysis.all.xml
c:\users\qq244\source\repos\source\paint\debug\d2d.exe.lastcodeanalysissucceeded
c:\users\qq244\source\repos\source\paint\d2d\debug\d2d.tlog\cl.command.1.tlog
c:\users\qq244\source\repos\source\paint\d2d\debug\d2d.tlog\cl.read.1.tlog
c:\users\qq244\source\repos\source\paint\d2d\debug\d2d.tlog\cl.write.1.tlog
c:\users\qq244\source\repos\source\paint\d2d\debug\d2d.tlog\link-cvtres.read.1.tlog
c:\users\qq244\source\repos\source\paint\d2d\debug\d2d.tlog\link-cvtres.write.1.tlog
c:\users\qq244\source\repos\source\paint\d2d\debug\d2d.tlog\link-rc.read.1.tlog
c:\users\qq244\source\repos\source\paint\d2d\debug\d2d.tlog\link-rc.write.1.tlog
c:\users\qq244\source\repos\source\paint\d2d\debug\d2d.tlog\link.command.1.tlog
c:\users\qq244\source\repos\source\paint\d2d\debug\d2d.tlog\link.read.1.tlog
c:\users\qq244\source\repos\source\paint\d2d\debug\d2d.tlog\link.write.1.tlog
